0 info it worked if it ends with ok
1 verbose cli [ '/usr/local/bin/node',
1 verbose cli   '/usr/local/lib/node_modules/cnpm/node_modules/.bin/npm',
1 verbose cli   '--userconfig=/home/strawberrylin/.cnpmrc',
1 verbose cli   '--disturl=https://npm.taobao.org/mirrors/node',
1 verbose cli   '--registry=https://registry.npm.taobao.org',
1 verbose cli   'run',
1 verbose cli   'dev' ]
2 info using npm@3.10.10
3 info using node@v9.8.0
4 verbose stack Error: ENOENT: no such file or directory, open '/home/strawberrylin/Gitrepository/Hust_Cs_ComplierOl/package.json'
5 verbose cwd /home/strawberrylin/Gitrepository/Hust_Cs_ComplierOl
6 error Linux 4.4.0-119-generic
7 error argv "/usr/local/bin/node" "/usr/local/lib/node_modules/cnpm/node_modules/.bin/npm" "--userconfig=/home/strawberrylin/.cnpmrc" "--disturl=https://npm.taobao.org/mirrors/node" "--registry=https://registry.npm.taobao.org" "run" "dev"
8 error node v9.8.0
9 error npm  v3.10.10
10 error path /home/strawberrylin/Gitrepository/Hust_Cs_ComplierOl/package.json
11 error code ENOENT
12 error errno -2
13 error syscall open
14 error enoent ENOENT: no such file or directory, open '/home/strawberrylin/Gitrepository/Hust_Cs_ComplierOl/package.json'
15 error enoent ENOENT: no such file or directory, open '/home/strawberrylin/Gitrepository/Hust_Cs_ComplierOl/package.json'
15 error enoent This is most likely not a problem with npm itself
15 error enoent and is related to npm not being able to find a file.
16 verbose exit [ -2, true ]
